<?xml version="1.0" encoding="UTF-8"?>
<!-- Generated by org.testng.reporters.JUnitXMLReporter -->
<testsuite ignored="0" hostname="DESKTOP-0TEEMMN" failures="0" tests="1" name="Test" time="8.121" errors="0" timestamp="2024-11-27T11:38:26 IST">
  <testcase classname="testCase.FitWebTest" name="@AfterMethod tearDown" time="0.171">
    <failure type="java.lang.AssertionError" message="The following asserts failed:
	Input field value mismatch expected [560] but found [816]">
      <![CDATA[java.lang.AssertionError: The following asserts failed:
Input field value mismatch expected [560] but found [816]
at testCase.FitWebTest.tearDown(FitWebTest.java:61)
at java.base/java.util.ArrayList.forEach(ArrayList.java:1511)
... Removed 34 stack frames]]>
    </failure>
  </testcase> <!-- @AfterMethod tearDown -->
  <testcase classname="testCase.FitWebTest" name="functionalityCheck" time="2.634"/>
</testsuite> <!-- Test -->
